<?xml version="1.0" encoding="UTF-8"?>
<!-- Generated by org.testng.reporters.JUnitXMLReporter -->
<testsuite hostname="ip-172-31-83-34" ignored="1" name="Test" tests="2" failures="0" timestamp="2021-10-28T05:25:04 UTC" time="0.084" errors="0">
  <testcase name="CreditCardTest" time="0.008" classname="testing.Testcase2"/>
  <testcase name="HomeLoanTest" time="0.001" classname="testing.Testcase1"/>
  <testcase name="CarLoanTest" time="0.0" classname="testing.Testcase1">
    <ignored/>
  </testcase> <!-- CarLoanTest -->
</testsuite> <!-- Test -->
